c:\general\teaching\videojocs\basecode\opengl_vs2015\2dgame\02-bubble\02-bubble\release\vc140.pdb
c:\general\teaching\videojocs\basecode\opengl_vs2015\2dgame\02-bubble\02-bubble\release\tilemap.obj
c:\general\teaching\videojocs\basecode\opengl_vs2015\2dgame\02-bubble\02-bubble\release\texture.obj
c:\general\teaching\videojocs\basecode\opengl_vs2015\2dgame\02-bubble\02-bubble\release\sprite.obj
c:\general\teaching\videojocs\basecode\opengl_vs2015\2dgame\02-bubble\02-bubble\release\shaderprogram.obj
c:\general\teaching\videojocs\basecode\opengl_vs2015\2dgame\02-bubble\02-bubble\release\shader.obj
c:\general\teaching\videojocs\basecode\opengl_vs2015\2dgame\02-bubble\02-bubble\release\scene.obj
c:\general\teaching\videojocs\basecode\opengl_vs2015\2dgame\02-bubble\02-bubble\release\player.obj
c:\general\teaching\videojocs\basecode\opengl_vs2015\2dgame\02-bubble\02-bubble\release\main.obj
c:\general\teaching\videojocs\basecode\opengl_vs2015\2dgame\02-bubble\02-bubble\release\game.obj
c:\general\teaching\videojocs\basecode\opengl_vs2015\2dgame\02-bubble\release\02-bubble.exe
c:\general\teaching\videojocs\basecode\opengl_vs2015\2dgame\02-bubble\release\02-bubble.ipdb
c:\general\teaching\videojocs\basecode\opengl_vs2015\2dgame\02-bubble\release\02-bubble.iobj
c:\general\teaching\videojocs\basecode\opengl_vs2015\2dgame\02-bubble\release\02-bubble.pdb
c:\general\teaching\videojocs\basecode\opengl_vs2015\2dgame\02-bubble\02-bubble\release\02-bubble.tlog\cl.command.1.tlog
c:\general\teaching\videojocs\basecode\opengl_vs2015\2dgame\02-bubble\02-bubble\release\02-bubble.tlog\cl.read.1.tlog
c:\general\teaching\videojocs\basecode\opengl_vs2015\2dgame\02-bubble\02-bubble\release\02-bubble.tlog\cl.write.1.tlog
c:\general\teaching\videojocs\basecode\opengl_vs2015\2dgame\02-bubble\02-bubble\release\02-bubble.tlog\link.command.1.tlog
c:\general\teaching\videojocs\basecode\opengl_vs2015\2dgame\02-bubble\02-bubble\release\02-bubble.tlog\link.read.1.tlog
c:\general\teaching\videojocs\basecode\opengl_vs2015\2dgame\02-bubble\02-bubble\release\02-bubble.tlog\link.write.1.tlog
