c:\general\teaching\videojocs\basecode\opengl_vs2015\2dgame\02-bubble\02-bubble\debug\vc140.pdb
c:\general\teaching\videojocs\basecode\opengl_vs2015\2dgame\02-bubble\02-bubble\debug\vc140.idb
c:\general\teaching\videojocs\basecode\opengl_vs2015\2dgame\02-bubble\02-bubble\debug\game.obj
c:\general\teaching\videojocs\basecode\opengl_vs2015\2dgame\02-bubble\02-bubble\debug\main.obj
c:\general\teaching\videojocs\basecode\opengl_vs2015\2dgame\02-bubble\02-bubble\debug\scene.obj
c:\general\teaching\videojocs\basecode\opengl_vs2015\2dgame\02-bubble\02-bubble\debug\shader.obj
c:\general\teaching\videojocs\basecode\opengl_vs2015\2dgame\02-bubble\02-bubble\debug\shaderprogram.obj
c:\general\teaching\videojocs\basecode\opengl_vs2015\2dgame\02-bubble\02-bubble\debug\sprite.obj
c:\general\teaching\videojocs\basecode\opengl_vs2015\2dgame\02-bubble\02-bubble\debug\texture.obj
c:\general\teaching\videojocs\basecode\opengl_vs2015\2dgame\02-bubble\02-bubble\debug\tilemap.obj
c:\general\teaching\videojocs\basecode\opengl_vs2015\2dgame\02-bubble\02-bubble\debug\player.obj
c:\general\teaching\videojocs\basecode\opengl_vs2015\2dgame\02-bubble\debug\02-bubble.ilk
c:\general\teaching\videojocs\basecode\opengl_vs2015\2dgame\02-bubble\debug\02-bubble.exe
c:\general\teaching\videojocs\basecode\opengl_vs2015\2dgame\02-bubble\debug\02-bubble.pdb
c:\general\teaching\videojocs\basecode\opengl_vs2015\2dgame\02-bubble\02-bubble\debug\02-bubble.tlog\cl.command.1.tlog
c:\general\teaching\videojocs\basecode\opengl_vs2015\2dgame\02-bubble\02-bubble\debug\02-bubble.tlog\cl.read.1.tlog
c:\general\teaching\videojocs\basecode\opengl_vs2015\2dgame\02-bubble\02-bubble\debug\02-bubble.tlog\cl.write.1.tlog
c:\general\teaching\videojocs\basecode\opengl_vs2015\2dgame\02-bubble\02-bubble\debug\02-bubble.tlog\link.command.1.tlog
c:\general\teaching\videojocs\basecode\opengl_vs2015\2dgame\02-bubble\02-bubble\debug\02-bubble.tlog\link.read.1.tlog
c:\general\teaching\videojocs\basecode\opengl_vs2015\2dgame\02-bubble\02-bubble\debug\02-bubble.tlog\link.write.1.tlog
